<?xml version="1.0" encoding="UTF-8"?>
<!-- Generated by org.testng.reporters.JUnitXMLReporter -->
<testsuite ignored="0" hostname="DESKTOP-QB7U5TO" failures="0" tests="4" name="BikeTest" time="89.577" errors="0" timestamp="2023-01-03T15:28:14 IST">
  <testcase classname="bikes.TC_Bikes_012" name="bikes" time="23.958"/>
  <testcase classname="bikes.TC_Bikes_013" name="bikes" time="25.715"/>
  <testcase classname="bikes.TC_Bikes_010" name="bikes" time="19.985"/>
  <testcase classname="bikes.TC_Bikes_011" name="bikes" time="19.835"/>
</testsuite> <!-- BikeTest -->
